GAS LISTING C:\Users\Matthijs\AppData\Local\Temp/ccKpNHfe.s 			page 1


   1               		.file	"vs10xx.c"
   2               		.arch atmega2561
   3               	__SREG__ = 0x3f
   4               	__SP_H__ = 0x3e
   5               	__SP_L__ = 0x3d
   6               	__tmp_reg__ = 0
   7               	__zero_reg__ = 1
   8               		.global __do_copy_data
   9               		.global __do_clear_bss
  10               		.text
  11               	.global	VsPlayerInterrupts
  12               		.type	VsPlayerInterrupts, @function
  13               	VsPlayerInterrupts:
  14               	/* prologue: frame size=0 */
  15               	/* prologue end (size=0) */
  16               	/* #APP */
  17 0000 0FB6      		in  __tmp_reg__, __SREG__
  18 0002 F894      		cli
  19 0004 0F92      		push __tmp_reg__
  20               		
  21               	/* #NOAPP */
  22 0006 9DB3      		in r25,61-0x20
  23 0008 8823      		tst r24
  24 000a 01F0      		breq .L2
  25 000c EE9A      		sbi 61-0x20,6
  26 000e 00C0      		rjmp .L4
  27               	.L2:
  28 0010 EE98      		cbi 61-0x20,6
  29               	.L4:
  30               	/* #APP */
  31 0012 0F90      		pop __tmp_reg__
  32 0014 0FBE      		out __SREG__, __tmp_reg__
  33               		
  34               	/* #NOAPP */
  35 0016 892F      		mov r24,r25
  36 0018 9927      		clr r25
  37 001a 26E0      		ldi r18,6
  38 001c 9695      	1:	lsr r25
  39 001e 8795      		ror r24
  40 0020 2A95      		dec r18
  41 0022 01F4      		brne 1b
  42 0024 8170      		andi r24,lo8(1)
  43 0026 9070      		andi r25,hi8(1)
  44               	/* epilogue: frame size=0 */
  45 0028 0895      		ret
  46               	/* epilogue end (size=1) */
  47               	/* function VsPlayerInterrupts size 30 (29) */
  48               		.size	VsPlayerInterrupts, .-VsPlayerInterrupts
  49               	.global	VsPlayerStop
  50               		.type	VsPlayerStop, @function
  51               	VsPlayerStop:
  52               	/* prologue: frame size=0 */
  53               	/* prologue end (size=0) */
  54 002a 80E0      		ldi r24,lo8(0)
  55 002c 0E94 0000 		call VsPlayerInterrupts
  56 0030 982F      		mov r25,r24
  57 0032 8091 0000 		lds r24,vs_status
GAS LISTING C:\Users\Matthijs\AppData\Local\Temp/ccKpNHfe.s 			page 2


  58 0036 8130      		cpi r24,lo8(1)
  59 0038 01F4      		brne .L7
  60 003a 1092 0000 		sts vs_status,__zero_reg__
  61               	.L7:
  62 003e 892F      		mov r24,r25
  63 0040 0E94 0000 		call VsPlayerInterrupts
  64 0044 80E0      		ldi r24,lo8(0)
  65 0046 90E0      		ldi r25,hi8(0)
  66               	/* epilogue: frame size=0 */
  67 0048 0895      		ret
  68               	/* epilogue end (size=1) */
  69               	/* function VsPlayerStop size 16 (15) */
  70               		.size	VsPlayerStop, .-VsPlayerStop
  71               	.global	VsGetStatus
  72               		.type	VsGetStatus, @function
  73               	VsGetStatus:
  74               	/* prologue: frame size=0 */
  75               	/* prologue end (size=0) */
  76 004a 8091 0000 		lds r24,vs_status
  77 004e 9927      		clr r25
  78               	/* epilogue: frame size=0 */
  79 0050 0895      		ret
  80               	/* epilogue end (size=1) */
  81               	/* function VsGetStatus size 4 (3) */
  82               		.size	VsGetStatus, .-VsGetStatus
  83               	.global	VsGetType
  84               		.type	VsGetType, @function
  85               	VsGetType:
  86               	/* prologue: frame size=0 */
  87               	/* prologue end (size=0) */
  88 0052 8091 0000 		lds r24,g_vs_type
  89 0056 9091 0000 		lds r25,(g_vs_type)+1
  90               	/* epilogue: frame size=0 */
  91 005a 0895      		ret
  92               	/* epilogue end (size=1) */
  93               	/* function VsGetType size 5 (4) */
  94               		.size	VsGetType, .-VsGetType
  95               	.global	VsGetTypeHex
  96               		.type	VsGetTypeHex, @function
  97               	VsGetTypeHex:
  98               	/* prologue: frame size=0 */
  99               	/* prologue end (size=0) */
 100 005c 8091 0000 		lds r24,g_vs_type
 101 0060 9091 0000 		lds r25,(g_vs_type)+1
 102               	/* epilogue: frame size=0 */
 103 0064 0895      		ret
 104               	/* epilogue end (size=1) */
 105               	/* function VsGetTypeHex size 5 (4) */
 106               		.size	VsGetTypeHex, .-VsGetTypeHex
 107               		.type	VsSdiWrite_P, @function
 108               	VsSdiWrite_P:
 109               	/* prologue: frame size=0 */
 110 0066 0F93      		push r16
 111 0068 1F93      		push r17
 112 006a CF93      		push r28
 113 006c DF93      		push r29
 114               	/* prologue end (size=4) */
GAS LISTING C:\Users\Matthijs\AppData\Local\Temp/ccKpNHfe.s 			page 3


 115 006e EC01      		movw r28,r24
 116 0070 8B01      		movw r16,r22
 117 0072 80E0      		ldi r24,lo8(0)
 118 0074 90E0      		ldi r25,hi8(0)
 119 0076 0E94 0000 		call SPIselect
 120 007a 00C0      		rjmp .L20
 121               	.L21:
 122 007c FE01      		movw r30,r28
 123               	/* #APP */
 124 007e 8491      		lpm r24, Z
 125               		
 126               	/* #NOAPP */
 127 0080 0E94 0000 		call SPIputByte
 128 0084 2196      		adiw r28,1
 129               	.L20:
 130 0086 0150      		subi r16,lo8(-(-1))
 131 0088 1040      		sbci r17,hi8(-(-1))
 132 008a FFEF      		ldi r31,hi8(-1)
 133 008c 0F3F      		cpi r16,lo8(-1)
 134 008e 1F07      		cpc r17,r31
 135 0090 01F4      		brne .L21
 136 0092 0E94 0000 		call SPIdeselect
 137               	/* epilogue: frame size=0 */
 138 0096 DF91      		pop r29
 139 0098 CF91      		pop r28
 140 009a 1F91      		pop r17
 141 009c 0F91      		pop r16
 142 009e 0895      		ret
 143               	/* epilogue end (size=5) */
 144               	/* function VsSdiWrite_P size 32 (23) */
 145               		.size	VsSdiWrite_P, .-VsSdiWrite_P
 146               	.global	VsBeepStop
 147               		.type	VsBeepStop, @function
 148               	VsBeepStop:
 149               	/* prologue: frame size=0 */
 150 00a0 1F93      		push r17
 151               	/* prologue end (size=1) */
 152 00a2 80E0      		ldi r24,lo8(0)
 153 00a4 0E94 0000 		call VsPlayerInterrupts
 154 00a8 182F      		mov r17,r24
 155 00aa 64E0      		ldi r22,lo8(4)
 156 00ac 70E0      		ldi r23,hi8(4)
 157 00ae 80E0      		ldi r24,lo8(off.2560)
 158 00b0 90E0      		ldi r25,hi8(off.2560)
 159 00b2 0E94 0000 		call VsSdiWrite_P
 160 00b6 64E0      		ldi r22,lo8(4)
 161 00b8 70E0      		ldi r23,hi8(4)
 162 00ba 80E0      		ldi r24,lo8(end.2561)
 163 00bc 90E0      		ldi r25,hi8(end.2561)
 164 00be 0E94 0000 		call VsSdiWrite_P
 165 00c2 812F      		mov r24,r17
 166 00c4 0E94 0000 		call VsPlayerInterrupts
 167 00c8 80E0      		ldi r24,lo8(0)
 168 00ca 90E0      		ldi r25,hi8(0)
 169               	/* epilogue: frame size=0 */
 170 00cc 1F91      		pop r17
 171 00ce 0895      		ret
GAS LISTING C:\Users\Matthijs\AppData\Local\Temp/ccKpNHfe.s 			page 4


 172               	/* epilogue end (size=2) */
 173               	/* function VsBeepStop size 24 (21) */
 174               		.size	VsBeepStop, .-VsBeepStop
 175               		.type	VsSdiWrite, @function
 176               	VsSdiWrite:
 177               	/* prologue: frame size=0 */
 178 00d0 0F93      		push r16
 179 00d2 1F93      		push r17
 180 00d4 CF93      		push r28
 181 00d6 DF93      		push r29
 182               	/* prologue end (size=4) */
 183 00d8 8C01      		movw r16,r24
 184 00da EB01      		movw r28,r22
 185 00dc 80E0      		ldi r24,lo8(0)
 186 00de 90E0      		ldi r25,hi8(0)
 187 00e0 0E94 0000 		call SPIselect
 188 00e4 00C0      		rjmp .L27
 189               	.L28:
 190 00e6 F801      		movw r30,r16
 191 00e8 8191      		ld r24,Z+
 192 00ea 8F01      		movw r16,r30
 193 00ec 0E94 0000 		call SPIputByte
 194               	.L27:
 195 00f0 2197      		sbiw r28,1
 196 00f2 FFEF      		ldi r31,hi8(-1)
 197 00f4 CF3F      		cpi r28,lo8(-1)
 198 00f6 DF07      		cpc r29,r31
 199 00f8 01F4      		brne .L28
 200 00fa 0E94 0000 		call SPIdeselect
 201               	/* epilogue: frame size=0 */
 202 00fe DF91      		pop r29
 203 0100 CF91      		pop r28
 204 0102 1F91      		pop r17
 205 0104 0F91      		pop r16
 206 0106 0895      		ret
 207               	/* epilogue end (size=5) */
 208               	/* function VsSdiWrite size 28 (19) */
 209               		.size	VsSdiWrite, .-VsSdiWrite
 210               	.global	VsRegWrite
 211               		.type	VsRegWrite, @function
 212               	VsRegWrite:
 213               	/* prologue: frame size=0 */
 214 0108 EF92      		push r14
 215 010a FF92      		push r15
 216 010c 0F93      		push r16
 217 010e 1F93      		push r17
 218               	/* prologue end (size=4) */
 219 0110 F82E      		mov r15,r24
 220 0112 8B01      		movw r16,r22
 221 0114 0E94 0000 		call SPIgetmode
 222 0118 E82E      		mov r14,r24
 223 011a 80E0      		ldi r24,lo8(0)
 224 011c 0E94 0000 		call SPImode
 225 0120 80E0      		ldi r24,lo8(0)
 226 0122 90E0      		ldi r25,hi8(0)
 227 0124 0E94 0000 		call SPIselect
 228 0128 2C98      		cbi 37-0x20,4
GAS LISTING C:\Users\Matthijs\AppData\Local\Temp/ccKpNHfe.s 			page 5


 229 012a 82E0      		ldi r24,lo8(2)
 230 012c 0E94 0000 		call SPIputByte
 231 0130 8F2D      		mov r24,r15
 232 0132 0E94 0000 		call SPIputByte
 233 0136 812F      		mov r24,r17
 234 0138 9927      		clr r25
 235 013a 0E94 0000 		call SPIputByte
 236 013e 802F      		mov r24,r16
 237 0140 0E94 0000 		call SPIputByte
 238 0144 2C9A      		sbi 37-0x20,4
 239 0146 0E94 0000 		call SPIdeselect
 240 014a 8E2D      		mov r24,r14
 241 014c 0E94 0000 		call SPImode
 242               	/* epilogue: frame size=0 */
 243 0150 1F91      		pop r17
 244 0152 0F91      		pop r16
 245 0154 FF90      		pop r15
 246 0156 EF90      		pop r14
 247 0158 0895      		ret
 248               	/* epilogue end (size=5) */
 249               	/* function VsRegWrite size 41 (32) */
 250               		.size	VsRegWrite, .-VsRegWrite
 251               	.global	VsSetVolume
 252               		.type	VsSetVolume, @function
 253               	VsSetVolume:
 254               	/* prologue: frame size=0 */
 255 015a DF92      		push r13
 256 015c EF92      		push r14
 257 015e FF92      		push r15
 258 0160 0F93      		push r16
 259 0162 1F93      		push r17
 260               	/* prologue end (size=5) */
 261 0164 082F      		mov r16,r24
 262 0166 E62E      		mov r14,r22
 263 0168 80E0      		ldi r24,lo8(0)
 264 016a 0E94 0000 		call VsPlayerInterrupts
 265 016e D82E      		mov r13,r24
 266 0170 1127      		clr r17
 267 0172 102F      		mov r17,r16
 268 0174 0027      		clr r16
 269 0176 FF24      		clr r15
 270 0178 0E29      		or r16,r14
 271 017a 1F29      		or r17,r15
 272 017c B801      		movw r22,r16
 273 017e 8BE0      		ldi r24,lo8(11)
 274 0180 0E94 0000 		call VsRegWrite
 275 0184 8D2D      		mov r24,r13
 276 0186 0E94 0000 		call VsPlayerInterrupts
 277 018a 80E0      		ldi r24,lo8(0)
 278 018c 90E0      		ldi r25,hi8(0)
 279               	/* epilogue: frame size=0 */
 280 018e 1F91      		pop r17
 281 0190 0F91      		pop r16
 282 0192 FF90      		pop r15
 283 0194 EF90      		pop r14
 284 0196 DF90      		pop r13
 285 0198 0895      		ret
GAS LISTING C:\Users\Matthijs\AppData\Local\Temp/ccKpNHfe.s 			page 6


 286               	/* epilogue end (size=6) */
 287               	/* function VsSetVolume size 32 (21) */
 288               		.size	VsSetVolume, .-VsSetVolume
 289               	.global	VsPlayerSetMode
 290               		.type	VsPlayerSetMode, @function
 291               	VsPlayerSetMode:
 292               	/* prologue: frame size=0 */
 293 019a FF92      		push r15
 294 019c 0F93      		push r16
 295 019e 1F93      		push r17
 296               	/* prologue end (size=3) */
 297 01a0 8C01      		movw r16,r24
 298 01a2 80E0      		ldi r24,lo8(0)
 299 01a4 0E94 0000 		call VsPlayerInterrupts
 300 01a8 F82E      		mov r15,r24
 301 01aa 1C60      		ori r17,hi8(3072)
 302 01ac B801      		movw r22,r16
 303 01ae 80E0      		ldi r24,lo8(0)
 304 01b0 0E94 0000 		call VsRegWrite
 305 01b4 8F2D      		mov r24,r15
 306 01b6 0E94 0000 		call VsPlayerInterrupts
 307 01ba 80E0      		ldi r24,lo8(0)
 308 01bc 90E0      		ldi r25,hi8(0)
 309               	/* epilogue: frame size=0 */
 310 01be 1F91      		pop r17
 311 01c0 0F91      		pop r16
 312 01c2 FF90      		pop r15
 313 01c4 0895      		ret
 314               	/* epilogue end (size=4) */
 315               	/* function VsPlayerSetMode size 22 (15) */
 316               		.size	VsPlayerSetMode, .-VsPlayerSetMode
 317               	.global	VsBeepStartRaw
 318               		.type	VsBeepStartRaw, @function
 319               	VsBeepStartRaw:
 320               	/* prologue: frame size=1 */
 321 01c6 1F93      		push r17
 322 01c8 CF93      		push r28
 323 01ca DF93      		push r29
 324 01cc CDB7      		in r28,__SP_L__
 325 01ce DEB7      		in r29,__SP_H__
 326 01d0 2197      		sbiw r28,1
 327 01d2 0FB6      		in __tmp_reg__,__SREG__
 328 01d4 F894      		cli
 329 01d6 DEBF      		out __SP_H__,r29
 330 01d8 0FBE      		out __SREG__,__tmp_reg__
 331 01da CDBF      		out __SP_L__,r28
 332               	/* prologue end (size=11) */
 333 01dc 8983      		std Y+1,r24
 334 01de 80E0      		ldi r24,lo8(0)
 335 01e0 0E94 0000 		call VsPlayerInterrupts
 336 01e4 182F      		mov r17,r24
 337 01e6 80E2      		ldi r24,lo8(32)
 338 01e8 90E0      		ldi r25,hi8(32)
 339 01ea 0E94 0000 		call VsPlayerSetMode
 340 01ee 63E0      		ldi r22,lo8(3)
 341 01f0 70E0      		ldi r23,hi8(3)
 342 01f2 80E0      		ldi r24,lo8(on.2553)
GAS LISTING C:\Users\Matthijs\AppData\Local\Temp/ccKpNHfe.s 			page 7


 343 01f4 90E0      		ldi r25,hi8(on.2553)
 344 01f6 0E94 0000 		call VsSdiWrite_P
 345 01fa 61E0      		ldi r22,lo8(1)
 346 01fc 70E0      		ldi r23,hi8(1)
 347 01fe CE01      		movw r24,r28
 348 0200 0196      		adiw r24,1
 349 0202 0E94 0000 		call VsSdiWrite
 350 0206 64E0      		ldi r22,lo8(4)
 351 0208 70E0      		ldi r23,hi8(4)
 352 020a 80E0      		ldi r24,lo8(end.2554)
 353 020c 90E0      		ldi r25,hi8(end.2554)
 354 020e 0E94 0000 		call VsSdiWrite_P
 355 0212 812F      		mov r24,r17
 356 0214 0E94 0000 		call VsPlayerInterrupts
 357 0218 80E0      		ldi r24,lo8(0)
 358 021a 90E0      		ldi r25,hi8(0)
 359               	/* epilogue: frame size=1 */
 360 021c 2196      		adiw r28,1
 361 021e 0FB6      		in __tmp_reg__,__SREG__
 362 0220 F894      		cli
 363 0222 DEBF      		out __SP_H__,r29
 364 0224 0FBE      		out __SREG__,__tmp_reg__
 365 0226 CDBF      		out __SP_L__,r28
 366 0228 DF91      		pop r29
 367 022a CF91      		pop r28
 368 022c 1F91      		pop r17
 369 022e 0895      		ret
 370               	/* epilogue end (size=10) */
 371               	/* function VsBeepStartRaw size 53 (32) */
 372               		.size	VsBeepStartRaw, .-VsBeepStartRaw
 373               	.global	VsBeepStart
 374               		.type	VsBeepStart, @function
 375               	VsBeepStart:
 376               	/* prologue: frame size=0 */
 377               	/* prologue end (size=0) */
 378 0230 282F      		mov r18,r24
 379 0232 3327      		clr r19
 380 0234 2770      		andi r18,lo8(7)
 381 0236 3070      		andi r19,hi8(7)
 382 0238 C901      		movw r24,r18
 383 023a 53E0      		ldi r21,3
 384 023c 880F      	1:	lsl r24
 385 023e 991F      		rol r25
 386 0240 5A95      		dec r21
 387 0242 01F4      		brne 1b
 388 0244 820F      		add r24,r18
 389 0246 931F      		adc r25,r19
 390 0248 885C      		subi r24,lo8(-(56))
 391 024a 0E94 0000 		call VsBeepStartRaw
 392               	/* epilogue: frame size=0 */
 393 024e 0895      		ret
 394               	/* epilogue end (size=1) */
 395               	/* function VsBeepStart size 16 (15) */
 396               		.size	VsBeepStart, .-VsBeepStart
 397               	.global	VsBeep
 398               		.type	VsBeep, @function
 399               	VsBeep:
GAS LISTING C:\Users\Matthijs\AppData\Local\Temp/ccKpNHfe.s 			page 8


 400               	/* prologue: frame size=1 */
 401 0250 BF92      		push r11
 402 0252 CF92      		push r12
 403 0254 DF92      		push r13
 404 0256 EF92      		push r14
 405 0258 FF92      		push r15
 406 025a 0F93      		push r16
 407 025c 1F93      		push r17
 408 025e CF93      		push r28
 409 0260 DF93      		push r29
 410 0262 CDB7      		in r28,__SP_L__
 411 0264 DEB7      		in r29,__SP_H__
 412 0266 2197      		sbiw r28,1
 413 0268 0FB6      		in __tmp_reg__,__SREG__
 414 026a F894      		cli
 415 026c DEBF      		out __SP_H__,r29
 416 026e 0FBE      		out __SREG__,__tmp_reg__
 417 0270 CDBF      		out __SP_L__,r28
 418               	/* prologue end (size=17) */
 419 0272 8983      		std Y+1,r24
 420 0274 7B01      		movw r14,r22
 421 0276 80E0      		ldi r24,lo8(0)
 422 0278 0E94 0000 		call VsPlayerInterrupts
 423 027c B82E      		mov r11,r24
 424 027e 80E2      		ldi r24,lo8(32)
 425 0280 90E0      		ldi r25,hi8(32)
 426 0282 0E94 0000 		call VsPlayerSetMode
 427 0286 63E0      		ldi r22,lo8(3)
 428 0288 70E0      		ldi r23,hi8(3)
 429 028a 80E0      		ldi r24,lo8(on.2527)
 430 028c 90E0      		ldi r25,hi8(on.2527)
 431 028e 0E94 0000 		call VsSdiWrite_P
 432 0292 61E0      		ldi r22,lo8(1)
 433 0294 70E0      		ldi r23,hi8(1)
 434 0296 CE01      		movw r24,r28
 435 0298 0196      		adiw r24,1
 436 029a 0E94 0000 		call VsSdiWrite
 437 029e 60E0      		ldi r22,lo8(end.2529)
 438 02a0 C62E      		mov r12,r22
 439 02a2 60E0      		ldi r22,hi8(end.2529)
 440 02a4 D62E      		mov r13,r22
 441 02a6 64E0      		ldi r22,lo8(4)
 442 02a8 70E0      		ldi r23,hi8(4)
 443 02aa C601      		movw r24,r12
 444 02ac 0E94 0000 		call VsSdiWrite_P
 445 02b0 0027      		clr r16
 446 02b2 1127      		clr r17
 447 02b4 C801      		movw r24,r16
 448 02b6 B701      		movw r22,r14
 449 02b8 0E94 0000 		call NutSleep
 450 02bc 64E0      		ldi r22,lo8(4)
 451 02be 70E0      		ldi r23,hi8(4)
 452 02c0 80E0      		ldi r24,lo8(off.2528)
 453 02c2 90E0      		ldi r25,hi8(off.2528)
 454 02c4 0E94 0000 		call VsSdiWrite_P
 455 02c8 64E0      		ldi r22,lo8(4)
 456 02ca 70E0      		ldi r23,hi8(4)
GAS LISTING C:\Users\Matthijs\AppData\Local\Temp/ccKpNHfe.s 			page 9


 457 02cc C601      		movw r24,r12
 458 02ce 0E94 0000 		call VsSdiWrite_P
 459 02d2 8B2D      		mov r24,r11
 460 02d4 0E94 0000 		call VsPlayerInterrupts
 461 02d8 80E0      		ldi r24,lo8(0)
 462 02da 90E0      		ldi r25,hi8(0)
 463               	/* epilogue: frame size=1 */
 464 02dc 2196      		adiw r28,1
 465 02de 0FB6      		in __tmp_reg__,__SREG__
 466 02e0 F894      		cli
 467 02e2 DEBF      		out __SP_H__,r29
 468 02e4 0FBE      		out __SREG__,__tmp_reg__
 469 02e6 CDBF      		out __SP_L__,r28
 470 02e8 DF91      		pop r29
 471 02ea CF91      		pop r28
 472 02ec 1F91      		pop r17
 473 02ee 0F91      		pop r16
 474 02f0 FF90      		pop r15
 475 02f2 EF90      		pop r14
 476 02f4 DF90      		pop r13
 477 02f6 CF90      		pop r12
 478 02f8 BF90      		pop r11
 479 02fa 0895      		ret
 480               	/* epilogue end (size=16) */
 481               	/* function VsBeep size 86 (53) */
 482               		.size	VsBeep, .-VsBeep
 483               	.global	SoundB
 484               		.type	SoundB, @function
 485               	SoundB:
 486               	/* prologue: frame size=0 */
 487               	/* prologue end (size=0) */
 488 02fc 64EF      		ldi r22,lo8(500)
 489 02fe 71E0      		ldi r23,hi8(500)
 490 0300 80E5      		ldi r24,lo8(80)
 491 0302 0E94 0000 		call VsBeep
 492 0306 64EF      		ldi r22,lo8(500)
 493 0308 71E0      		ldi r23,hi8(500)
 494 030a 80E0      		ldi r24,hlo8(500)
 495 030c 90E0      		ldi r25,hhi8(500)
 496 030e 0E94 0000 		call NutSleep
 497 0312 80E0      		ldi r24,lo8(0)
 498 0314 90E0      		ldi r25,hi8(0)
 499               	/* epilogue: frame size=0 */
 500 0316 0895      		ret
 501               	/* epilogue end (size=1) */
 502               	/* function SoundB size 14 (13) */
 503               		.size	SoundB, .-SoundB
 504               	.global	SoundA
 505               		.type	SoundA, @function
 506               	SoundA:
 507               	/* prologue: frame size=0 */
 508               	/* prologue end (size=0) */
 509 0318 68EC      		ldi r22,lo8(200)
 510 031a 70E0      		ldi r23,hi8(200)
 511 031c 84E6      		ldi r24,lo8(100)
 512 031e 0E94 0000 		call VsBeep
 513 0322 64E6      		ldi r22,lo8(100)
GAS LISTING C:\Users\Matthijs\AppData\Local\Temp/ccKpNHfe.s 			page 10


 514 0324 70E0      		ldi r23,hi8(100)
 515 0326 80E0      		ldi r24,hlo8(100)
 516 0328 90E0      		ldi r25,hhi8(100)
 517 032a 0E94 0000 		call NutSleep
 518 032e 68EC      		ldi r22,lo8(200)
 519 0330 70E0      		ldi r23,hi8(200)
 520 0332 84E6      		ldi r24,lo8(100)
 521 0334 0E94 0000 		call VsBeep
 522 0338 64EF      		ldi r22,lo8(500)
 523 033a 71E0      		ldi r23,hi8(500)
 524 033c 80E0      		ldi r24,hlo8(500)
 525 033e 90E0      		ldi r25,hhi8(500)
 526 0340 0E94 0000 		call NutSleep
 527 0344 80E0      		ldi r24,lo8(0)
 528 0346 90E0      		ldi r25,hi8(0)
 529               	/* epilogue: frame size=0 */
 530 0348 0895      		ret
 531               	/* epilogue end (size=1) */
 532               	/* function SoundA size 25 (24) */
 533               		.size	SoundA, .-SoundA
 534               		.type	VsRegRead, @function
 535               	VsRegRead:
 536               	/* prologue: frame size=0 */
 537 034a DF92      		push r13
 538 034c EF92      		push r14
 539 034e FF92      		push r15
 540 0350 0F93      		push r16
 541 0352 1F93      		push r17
 542               	/* prologue end (size=5) */
 543 0354 182F      		mov r17,r24
 544 0356 0E94 0000 		call SPIgetmode
 545 035a D82E      		mov r13,r24
 546 035c 80E0      		ldi r24,lo8(0)
 547 035e 0E94 0000 		call SPImode
 548 0362 80E0      		ldi r24,lo8(0)
 549 0364 90E0      		ldi r25,hi8(0)
 550 0366 0E94 0000 		call SPIselect
 551 036a 2C98      		cbi 37-0x20,4
 552 036c 83E0      		ldi r24,lo8(3)
 553 036e 0E94 0000 		call SPIputByte
 554 0372 812F      		mov r24,r17
 555 0374 0E94 0000 		call SPIputByte
 556 0378 0E94 0000 		call SPIgetByte
 557 037c E82E      		mov r14,r24
 558 037e FF24      		clr r15
 559 0380 FE2C      		mov r15,r14
 560 0382 EE24      		clr r14
 561 0384 0E94 0000 		call SPIgetByte
 562 0388 082F      		mov r16,r24
 563 038a 2C9A      		sbi 37-0x20,4
 564 038c 0E94 0000 		call SPIdeselect
 565 0390 8D2D      		mov r24,r13
 566 0392 0E94 0000 		call SPImode
 567 0396 1127      		clr r17
 568 0398 C701      		movw r24,r14
 569 039a 802B      		or r24,r16
 570 039c 912B      		or r25,r17
GAS LISTING C:\Users\Matthijs\AppData\Local\Temp/ccKpNHfe.s 			page 11


 571               	/* epilogue: frame size=0 */
 572 039e 1F91      		pop r17
 573 03a0 0F91      		pop r16
 574 03a2 FF90      		pop r15
 575 03a4 EF90      		pop r14
 576 03a6 DF90      		pop r13
 577 03a8 0895      		ret
 578               	/* epilogue end (size=6) */
 579               	/* function VsRegRead size 48 (37) */
 580               		.size	VsRegRead, .-VsRegRead
 581               	.global	VsGetVolume
 582               		.type	VsGetVolume, @function
 583               	VsGetVolume:
 584               	/* prologue: frame size=0 */
 585 03aa FF92      		push r15
 586 03ac 0F93      		push r16
 587 03ae 1F93      		push r17
 588               	/* prologue end (size=3) */
 589 03b0 80E0      		ldi r24,lo8(0)
 590 03b2 0E94 0000 		call VsPlayerInterrupts
 591 03b6 F82E      		mov r15,r24
 592 03b8 8BE0      		ldi r24,lo8(11)
 593 03ba 0E94 0000 		call VsRegRead
 594 03be 8C01      		movw r16,r24
 595 03c0 8F2D      		mov r24,r15
 596 03c2 0E94 0000 		call VsPlayerInterrupts
 597 03c6 C801      		movw r24,r16
 598               	/* epilogue: frame size=0 */
 599 03c8 1F91      		pop r17
 600 03ca 0F91      		pop r16
 601 03cc FF90      		pop r15
 602 03ce 0895      		ret
 603               	/* epilogue end (size=4) */
 604               	/* function VsGetVolume size 19 (12) */
 605               		.size	VsGetVolume, .-VsGetVolume
 606               	.global	VsRegInfo
 607               		.type	VsRegInfo, @function
 608               	VsRegInfo:
 609               	/* prologue: frame size=0 */
 610 03d0 FF92      		push r15
 611 03d2 0F93      		push r16
 612 03d4 1F93      		push r17
 613               	/* prologue end (size=3) */
 614 03d6 182F      		mov r17,r24
 615 03d8 80E0      		ldi r24,lo8(0)
 616 03da 0E94 0000 		call VsPlayerInterrupts
 617 03de F82E      		mov r15,r24
 618 03e0 812F      		mov r24,r17
 619 03e2 0E94 0000 		call VsRegRead
 620 03e6 8C01      		movw r16,r24
 621 03e8 8F2D      		mov r24,r15
 622 03ea 0E94 0000 		call VsPlayerInterrupts
 623 03ee C801      		movw r24,r16
 624               	/* epilogue: frame size=0 */
 625 03f0 1F91      		pop r17
 626 03f2 0F91      		pop r16
 627 03f4 FF90      		pop r15
GAS LISTING C:\Users\Matthijs\AppData\Local\Temp/ccKpNHfe.s 			page 12


 628 03f6 0895      		ret
 629               	/* epilogue end (size=4) */
 630               	/* function VsRegInfo size 20 (13) */
 631               		.size	VsRegInfo, .-VsRegInfo
 632               	.global	VsStreamValid
 633               		.type	VsStreamValid, @function
 634               	VsStreamValid:
 635               	/* prologue: frame size=0 */
 636               	/* prologue end (size=0) */
 637 03f8 89E0      		ldi r24,lo8(9)
 638 03fa 0E94 0000 		call VsRegInfo
 639 03fe 9C01      		movw r18,r24
 640 0400 8FEF      		ldi r24,hi8(-31)
 641 0402 213E      		cpi r18,lo8(-31)
 642 0404 3807      		cpc r19,r24
 643 0406 00F4      		brsh .L54
 644 0408 8DE4      		ldi r24,hi8(19796)
 645 040a 2435      		cpi r18,lo8(19796)
 646 040c 3807      		cpc r19,r24
 647 040e 01F0      		breq .L58
 648 0410 8DE4      		ldi r24,hi8(19797)
 649 0412 2535      		cpi r18,lo8(19797)
 650 0414 3807      		cpc r19,r24
 651 0416 00F4      		brsh .L59
 652 0418 81E4      		ldi r24,hi8(16724)
 653 041a 2435      		cpi r18,lo8(16724)
 654 041c 3807      		cpc r19,r24
 655 041e 01F0      		breq .L57
 656 0420 8DE4      		ldi r24,hi8(19764)
 657 0422 2433      		cpi r18,lo8(19764)
 658 0424 3807      		cpc r19,r24
 659 0426 01F0      		breq .L57
 660 0428 81E4      		ldi r24,hi8(16708)
 661 042a 2434      		cpi r18,lo8(16708)
 662 042c 3807      		cpc r19,r24
 663 042e 01F4      		brne .L56
 664 0430 00C0      		rjmp .L57
 665               	.L59:
 666 0432 87E5      		ldi r24,hi8(22381)
 667 0434 2D36      		cpi r18,lo8(22381)
 668 0436 3807      		cpc r19,r24
 669 0438 01F0      		breq .L58
 670 043a 87E5      		ldi r24,hi8(22382)
 671 043c 2E36      		cpi r18,lo8(22382)
 672 043e 3807      		cpc r19,r24
 673 0440 00F4      		brsh .L60
 674 0442 87E5      		ldi r24,hi8(22349)
 675 0444 2D34      		cpi r18,lo8(22349)
 676 0446 3807      		cpc r19,r24
 677 0448 01F4      		brne .L56
 678 044a 00C0      		rjmp .L57
 679               	.L60:
 680 044c 86E7      		ldi r24,hi8(30309)
 681 044e 2536      		cpi r18,lo8(30309)
 682 0450 3807      		cpc r19,r24
 683 0452 01F0      		breq .L57
 684 0454 8FEF      		ldi r24,hi8(-32)
GAS LISTING C:\Users\Matthijs\AppData\Local\Temp/ccKpNHfe.s 			page 13


 685 0456 203E      		cpi r18,lo8(-32)
 686 0458 3807      		cpc r19,r24
 687 045a 01F4      		brne .L56
 688 045c 00C0      		rjmp .L58
 689               	.L57:
 690 045e 8091 0000 		lds r24,g_vs_type
 691 0462 9091 0000 		lds r25,(g_vs_type)+1
 692 0466 0397      		sbiw r24,3
 693 0468 01F4      		brne .L58
 694 046a 00C0      		rjmp .L56
 695               	.L54:
 696 046c 20EE      		ldi r18,lo8(-32)
 697 046e 3FEF      		ldi r19,hi8(-32)
 698 0470 00C0      		rjmp .L58
 699               	.L56:
 700 0472 80E0      		ldi r24,lo8(0)
 701 0474 90E0      		ldi r25,hi8(0)
 702 0476 0895      		ret
 703               	.L58:
 704 0478 C901      		movw r24,r18
 705 047a 0895      		ret
 706               	/* epilogue: frame size=0 */
 707               	/* epilogue: noreturn */
 708               	/* epilogue end (size=0) */
 709               	/* function VsStreamValid size 67 (67) */
 710               		.size	VsStreamValid, .-VsStreamValid
 711               	.global	VsPlayerReset
 712               		.type	VsPlayerReset, @function
 713               	VsPlayerReset:
 714               	/* prologue: frame size=0 */
 715 047c 0F93      		push r16
 716 047e 1F93      		push r17
 717               	/* prologue end (size=2) */
 718 0480 8C01      		movw r16,r24
 719 0482 80E0      		ldi r24,lo8(0)
 720 0484 0E94 0000 		call VsPlayerInterrupts
 721 0488 1092 0000 		sts vs_status,__zero_reg__
 722 048c C801      		movw r24,r16
 723 048e 8460      		ori r24,lo8(4)
 724 0490 0E94 0000 		call VsPlayerSetMode
 725 0494 8AE0      		ldi r24,lo8(10)
 726 0496 0E94 0000 		call NutDelay
 727 049a 80E4      		ldi r24,lo8(64)
 728 049c 8CBB      		out 60-0x20,r24
 729 049e 80E0      		ldi r24,lo8(0)
 730 04a0 90E0      		ldi r25,hi8(0)
 731               	/* epilogue: frame size=0 */
 732 04a2 1F91      		pop r17
 733 04a4 0F91      		pop r16
 734 04a6 0895      		ret
 735               	/* epilogue end (size=3) */
 736               	/* function VsPlayerReset size 22 (17) */
 737               		.size	VsPlayerReset, .-VsPlayerReset
 738               	.global	VsPlayerInit
 739               		.type	VsPlayerInit, @function
 740               	VsPlayerInit:
 741               	/* prologue: frame size=0 */
GAS LISTING C:\Users\Matthijs\AppData\Local\Temp/ccKpNHfe.s 			page 14


 742               	/* prologue end (size=0) */
 743 04a8 80E0      		ldi r24,lo8(0)
 744 04aa 0E94 0000 		call VsPlayerInterrupts
 745 04ae 2F98      		cbi 37-0x20,7
 746 04b0 2C9A      		sbi 37-0x20,4
 747 04b2 2898      		cbi 37-0x20,0
 748 04b4 209A      		sbi 36-0x20,0
 749 04b6 84E0      		ldi r24,lo8(4)
 750 04b8 0E94 0000 		call NutDelay
 751 04bc 80E0      		ldi r24,lo8(0)
 752 04be 0E94 0000 		call SPImode
 753 04c2 1092 0000 		sts vs_status,__zero_reg__
 754 04c6 2F9A      		sbi 37-0x20,7
 755 04c8 84E0      		ldi r24,lo8(4)
 756 04ca 0E94 0000 		call NutDelay
 757 04ce 81E0      		ldi r24,lo8(1)
 758 04d0 0E94 0000 		call VsRegRead
 759 04d4 E4E0      		ldi r30,4
 760 04d6 9695      	1:	lsr r25
 761 04d8 8795      		ror r24
 762 04da EA95      		dec r30
 763 04dc 01F4      		brne 1b
 764 04de 8770      		andi r24,lo8(7)
 765 04e0 9070      		andi r25,hi8(7)
 766 04e2 9093 0000 		sts (g_vs_type)+1,r25
 767 04e6 8093 0000 		sts g_vs_type,r24
 768 04ea 0397      		sbiw r24,3
 769 04ec 01F4      		brne .L66
 770 04ee 60E0      		ldi r22,lo8(-8192)
 771 04f0 70EE      		ldi r23,hi8(-8192)
 772 04f2 00C0      		rjmp .L73
 773               	.L66:
 774 04f4 60E0      		ldi r22,lo8(-26624)
 775 04f6 78E9      		ldi r23,hi8(-26624)
 776               	.L73:
 777 04f8 83E0      		ldi r24,lo8(3)
 778 04fa 0E94 0000 		call VsRegWrite
 779 04fe 82E3      		ldi r24,lo8(50)
 780 0500 0E94 0000 		call NutDelay
 781 0504 80E0      		ldi r24,lo8(0)
 782 0506 90E0      		ldi r25,hi8(0)
 783 0508 0E94 0000 		call VsPlayerSetMode
 784 050c 60E0      		ldi r22,lo8(0)
 785 050e 80E0      		ldi r24,lo8(0)
 786 0510 0E94 0000 		call VsSetVolume
 787 0514 82E3      		ldi r24,lo8(50)
 788 0516 0E94 0000 		call NutDelay
 789 051a 8091 0000 		lds r24,g_vs_type
 790 051e 9091 0000 		lds r25,(g_vs_type)+1
 791 0522 0397      		sbiw r24,3
 792 0524 0297      		sbiw r24,2
 793 0526 00F4      		brsh .L69
 794 0528 82E0      		ldi r24,lo8(2)
 795 052a 00C0      		rjmp .L74
 796               	.L69:
 797 052c 81E0      		ldi r24,lo8(1)
 798               	.L74:
GAS LISTING C:\Users\Matthijs\AppData\Local\Temp/ccKpNHfe.s 			page 15


 799 052e 0E94 0000 		call SPImode
 800 0532 40E0      		ldi r20,lo8(0)
 801 0534 50E0      		ldi r21,hi8(0)
 802 0536 60E0      		ldi r22,lo8(gs(VsPlayerFeed))
 803 0538 70E0      		ldi r23,hi8(gs(VsPlayerFeed))
 804 053a 80E0      		ldi r24,lo8(sig_INTERRUPT6)
 805 053c 90E0      		ldi r25,hi8(sig_INTERRUPT6)
 806 053e 0E94 0000 		call NutRegisterIrqHandler
 807 0542 66E0      		ldi r22,lo8(6)
 808 0544 70E0      		ldi r23,hi8(6)
 809 0546 80E0      		ldi r24,lo8(sig_INTERRUPT6)
 810 0548 90E0      		ldi r25,hi8(sig_INTERRUPT6)
 811 054a 0E94 0000 		call NutIrqSetMode
 812 054e 80E4      		ldi r24,lo8(64)
 813 0550 8CBB      		out 60-0x20,r24
 814 0552 80E0      		ldi r24,lo8(0)
 815 0554 90E0      		ldi r25,hi8(0)
 816               	/* epilogue: frame size=0 */
 817 0556 0895      		ret
 818               	/* epilogue end (size=1) */
 819               	/* function VsPlayerInit size 90 (89) */
 820               		.size	VsPlayerInit, .-VsPlayerInit
 821               		.type	VsPlayerFeed, @function
 822               	VsPlayerFeed:
 823               	/* prologue: frame size=2 */
 824 0558 BF92      		push r11
 825 055a CF92      		push r12
 826 055c DF92      		push r13
 827 055e EF92      		push r14
 828 0560 FF92      		push r15
 829 0562 0F93      		push r16
 830 0564 1F93      		push r17
 831 0566 CF93      		push r28
 832 0568 DF93      		push r29
 833 056a CDB7      		in r28,__SP_L__
 834 056c DEB7      		in r29,__SP_H__
 835 056e 2297      		sbiw r28,2
 836 0570 0FB6      		in __tmp_reg__,__SREG__
 837 0572 F894      		cli
 838 0574 DEBF      		out __SP_H__,r29
 839 0576 0FBE      		out __SREG__,__tmp_reg__
 840 0578 CDBF      		out __SP_L__,r28
 841               	/* prologue end (size=17) */
 842 057a 8091 0000 		lds r24,vs_status
 843 057e 8130      		cpi r24,lo8(1)
 844 0580 01F0      		breq .+2
 845 0582 00C0      		rjmp .L91
 846 0584 669B      		sbis 44-0x20,6
 847 0586 00C0      		rjmp .L91
 848 0588 80E0      		ldi r24,lo8(0)
 849 058a 0E94 0000 		call VsPlayerInterrupts
 850 058e B82E      		mov r11,r24
 851               	/* #APP */
 852 0590 7894      		sei
 853               	/* #NOAPP */
 854 0592 1A82      		std Y+2,__zero_reg__
 855 0594 1982      		std Y+1,__zero_reg__
GAS LISTING C:\Users\Matthijs\AppData\Local\Temp/ccKpNHfe.s 			page 16


 856 0596 80E0      		ldi r24,lo8(0)
 857 0598 90E0      		ldi r25,hi8(0)
 858 059a 0E94 0000 		call SPIselect
 859 059e A0E2      		ldi r26,lo8(32)
 860 05a0 EA2E      		mov r14,r26
 861 05a2 F12C      		mov r15,__zero_reg__
 862 05a4 00E0      		ldi r16,lo8(0)
 863 05a6 10E0      		ldi r17,hi8(0)
 864 05a8 CC24      		clr r12
 865 05aa DD24      		clr r13
 866 05ac 00C0      		rjmp .L97
 867               	.L80:
 868 05ae FFE1      		ldi r31,lo8(31)
 869 05b0 EF2E      		mov r14,r31
 870 05b2 F12C      		mov r15,__zero_reg__
 871               	.L97:
 872 05b4 8981      		ldd r24,Y+1
 873 05b6 9A81      		ldd r25,Y+2
 874 05b8 C816      		cp r12,r24
 875 05ba D906      		cpc r13,r25
 876 05bc 00F0      		brlo .L81
 877 05be C114      		cp r12,__zero_reg__
 878 05c0 D104      		cpc r13,__zero_reg__
 879 05c2 01F0      		breq .L83
 880 05c4 C601      		movw r24,r12
 881 05c6 0E94 0000 		call NutSegBufReadCommit
 882               	.L83:
 883 05ca CE01      		movw r24,r28
 884 05cc 0196      		adiw r24,1
 885 05ce 0E94 0000 		call NutSegBufReadRequest
 886 05d2 8C01      		movw r16,r24
 887 05d4 8981      		ldd r24,Y+1
 888 05d6 9A81      		ldd r25,Y+2
 889 05d8 892B      		or r24,r25
 890 05da 01F0      		breq .L85
 891 05dc CC24      		clr r12
 892 05de DD24      		clr r13
 893 05e0 00C0      		rjmp .L87
 894               	.L85:
 895 05e2 82E0      		ldi r24,lo8(2)
 896 05e4 8093 0000 		sts vs_status,r24
 897 05e8 CC24      		clr r12
 898 05ea DD24      		clr r13
 899 05ec 00C0      		rjmp .L88
 900               	.L81:
 901 05ee 892B      		or r24,r25
 902 05f0 01F0      		breq .L89
 903               	.L87:
 904 05f2 F801      		movw r30,r16
 905 05f4 8191      		ld r24,Z+
 906 05f6 8F01      		movw r16,r30
 907 05f8 0E94 0000 		call SPIputByte
 908 05fc 0894      		sec
 909 05fe C11C      		adc r12,__zero_reg__
 910 0600 D11C      		adc r13,__zero_reg__
 911               	.L89:
 912 0602 6699      		sbic 44-0x20,6
GAS LISTING C:\Users\Matthijs\AppData\Local\Temp/ccKpNHfe.s 			page 17


 913 0604 00C0      		rjmp .L80
 914 0606 0894      		sec
 915 0608 E108      		sbc r14,__zero_reg__
 916 060a F108      		sbc r15,__zero_reg__
 917 060c E114      		cp r14,__zero_reg__
 918 060e F104      		cpc r15,__zero_reg__
 919 0610 01F4      		brne .L97
 920               	.L88:
 921 0612 0E94 0000 		call SPIdeselect
 922 0616 C601      		movw r24,r12
 923 0618 0E94 0000 		call NutSegBufReadLast
 924 061c 8B2D      		mov r24,r11
 925 061e 0E94 0000 		call VsPlayerInterrupts
 926               	.L91:
 927               	/* epilogue: frame size=2 */
 928 0622 2296      		adiw r28,2
 929 0624 0FB6      		in __tmp_reg__,__SREG__
 930 0626 F894      		cli
 931 0628 DEBF      		out __SP_H__,r29
 932 062a 0FBE      		out __SREG__,__tmp_reg__
 933 062c CDBF      		out __SP_L__,r28
 934 062e DF91      		pop r29
 935 0630 CF91      		pop r28
 936 0632 1F91      		pop r17
 937 0634 0F91      		pop r16
 938 0636 FF90      		pop r15
 939 0638 EF90      		pop r14
 940 063a DF90      		pop r13
 941 063c CF90      		pop r12
 942 063e BF90      		pop r11
 943 0640 0895      		ret
 944               	/* epilogue end (size=16) */
 945               	/* function VsPlayerFeed size 118 (85) */
 946               		.size	VsPlayerFeed, .-VsPlayerFeed
 947               	.global	VsPlayerKick
 948               		.type	VsPlayerKick, @function
 949               	VsPlayerKick:
 950               	/* prologue: frame size=0 */
 951 0642 0F93      		push r16
 952 0644 1F93      		push r17
 953 0646 CF93      		push r28
 954 0648 DF93      		push r29
 955               	/* prologue end (size=4) */
 956 064a 8091 0000 		lds r24,vs_status
 957 064e 8130      		cpi r24,lo8(1)
 958 0650 01F4      		brne .+2
 959 0652 00C0      		rjmp .L99
 960 0654 80E0      		ldi r24,lo8(0)
 961 0656 0E94 0000 		call VsPlayerInterrupts
 962 065a C0E0      		ldi r28,lo8(dtab)
 963 065c D0E0      		ldi r29,hi8(dtab)
 964 065e FE01      		movw r30,r28
 965               	/* #APP */
 966 0660 6591      		lpm r22, Z+
 967 0662 7491      		lpm r23, Z
 968               		
 969               	/* #NOAPP */
GAS LISTING C:\Users\Matthijs\AppData\Local\Temp/ccKpNHfe.s 			page 18


 970 0664 E0E0      		ldi r30,lo8(atab)
 971 0666 F0E0      		ldi r31,hi8(atab)
 972               	/* #APP */
 973 0668 E491      		lpm r30, Z
 974               		
 975               	/* #NOAPP */
 976 066a 8E2F      		mov r24,r30
 977 066c 0E94 0000 		call VsRegWrite
 978 0670 00E0      		ldi r16,lo8(0)
 979 0672 10E0      		ldi r17,hi8(0)
 980 0674 00C0      		rjmp .L101
 981               	.L102:
 982 0676 FE01      		movw r30,r28
 983               	/* #APP */
 984 0678 6591      		lpm r22, Z+
 985 067a 7491      		lpm r23, Z
 986               		
 987               	/* #NOAPP */
 988 067c F801      		movw r30,r16
 989 067e E050      		subi r30,lo8(-(atab))
 990 0680 F040      		sbci r31,hi8(-(atab))
 991               	/* #APP */
 992 0682 E491      		lpm r30, Z
 993               		
 994               	/* #NOAPP */
 995 0684 8E2F      		mov r24,r30
 996 0686 0E94 0000 		call VsRegWrite
 997 068a C801      		movw r24,r16
 998 068c 64EF      		ldi r22,lo8(500)
 999 068e 71E0      		ldi r23,hi8(500)
 1000 0690 0E94 0000 		call __divmodhi4
 1001 0694 892B      		or r24,r25
 1002 0696 01F4      		brne .L103
 1003               	.L101:
 1004 0698 0E94 0000 		call WatchDogRestart
 1005               	.L103:
 1006 069c 0F5F      		subi r16,lo8(-(1))
 1007 069e 1F4F      		sbci r17,hi8(-(1))
 1008 06a0 2296      		adiw r28,2
 1009 06a2 81E0      		ldi r24,hi8(437)
 1010 06a4 053B      		cpi r16,lo8(437)
 1011 06a6 1807      		cpc r17,r24
 1012 06a8 01F4      		brne .L102
 1013 06aa 81E0      		ldi r24,lo8(1)
 1014 06ac 8093 0000 		sts vs_status,r24
 1015 06b0 80E0      		ldi r24,lo8(0)
 1016 06b2 90E0      		ldi r25,hi8(0)
 1017 06b4 0E94 0000 		call VsPlayerFeed
 1018 06b8 81E0      		ldi r24,lo8(1)
 1019 06ba 0E94 0000 		call VsPlayerInterrupts
 1020               	.L99:
 1021 06be 80E0      		ldi r24,lo8(0)
 1022 06c0 90E0      		ldi r25,hi8(0)
 1023               	/* epilogue: frame size=0 */
 1024 06c2 DF91      		pop r29
 1025 06c4 CF91      		pop r28
 1026 06c6 1F91      		pop r17
GAS LISTING C:\Users\Matthijs\AppData\Local\Temp/ccKpNHfe.s 			page 19


 1027 06c8 0F91      		pop r16
 1028 06ca 0895      		ret
 1029               	/* epilogue end (size=5) */
 1030               	/* function VsPlayerKick size 83 (74) */
 1031               		.size	VsPlayerKick, .-VsPlayerKick
 1032               	.global	VsMemoryTest
 1033               		.type	VsMemoryTest, @function
 1034               	VsMemoryTest:
 1035               	/* prologue: frame size=0 */
 1036 06cc 1F93      		push r17
 1037 06ce CF93      		push r28
 1038 06d0 DF93      		push r29
 1039               	/* prologue end (size=3) */
 1040 06d2 80E0      		ldi r24,lo8(0)
 1041 06d4 90E0      		ldi r25,hi8(0)
 1042 06d6 0E94 0000 		call VsPlayerReset
 1043 06da 80E2      		ldi r24,lo8(32)
 1044 06dc 90E0      		ldi r25,hi8(32)
 1045 06de 0E94 0000 		call VsPlayerSetMode
 1046 06e2 80E0      		ldi r24,lo8(0)
 1047 06e4 0E94 0000 		call VsPlayerInterrupts
 1048 06e8 182F      		mov r17,r24
 1049 06ea 68E0      		ldi r22,lo8(8)
 1050 06ec 70E0      		ldi r23,hi8(8)
 1051 06ee 80E0      		ldi r24,lo8(mtcmd.2487)
 1052 06f0 90E0      		ldi r25,hi8(mtcmd.2487)
 1053 06f2 0E94 0000 		call VsSdiWrite_P
 1054 06f6 88E2      		ldi r24,lo8(40)
 1055 06f8 0E94 0000 		call NutDelay
 1056 06fc 88E0      		ldi r24,lo8(8)
 1057 06fe 0E94 0000 		call VsRegRead
 1058 0702 EC01      		movw r28,r24
 1059 0704 812F      		mov r24,r17
 1060 0706 0E94 0000 		call VsPlayerInterrupts
 1061 070a 8091 0000 		lds r24,g_vs_type
 1062 070e 9091 0000 		lds r25,(g_vs_type)+1
 1063 0712 0397      		sbiw r24,3
 1064 0714 01F4      		brne .L109
 1065 0716 80E8      		ldi r24,hi8(-32641)
 1066 0718 CF37      		cpi r28,lo8(-32641)
 1067 071a D807      		cpc r29,r24
 1068 071c 01F4      		brne .L109
 1069 071e C0E0      		ldi r28,lo8(0)
 1070 0720 D0E0      		ldi r29,hi8(0)
 1071               	.L109:
 1072 0722 CE01      		movw r24,r28
 1073               	/* epilogue: frame size=0 */
 1074 0724 DF91      		pop r29
 1075 0726 CF91      		pop r28
 1076 0728 1F91      		pop r17
 1077 072a 0895      		ret
 1078               	/* epilogue end (size=4) */
 1079               	/* function VsMemoryTest size 49 (42) */
 1080               		.size	VsMemoryTest, .-VsMemoryTest
 1081               	.global	dtab
 1082               		.section	.progmem.data,"a",@progbits
 1083               		.type	dtab, @object
GAS LISTING C:\Users\Matthijs\AppData\Local\Temp/ccKpNHfe.s 			page 20


 1084               		.size	dtab, 874
 1085               	dtab:
 1086 0000 3080      		.word	-32720
 1087 0002 3000      		.word	48
 1088 0004 1707      		.word	1815
 1089 0006 80B0      		.word	-20352
 1090 0008 173C      		.word	15383
 1091 000a 0600      		.word	6
 1092 000c 1750      		.word	20503
 1093 000e 003F      		.word	16128
 1094 0010 2400      		.word	36
 1095 0012 0600      		.word	6
 1096 0014 1620      		.word	8214
 1097 0016 1200      		.word	18
 1098 0018 8F57      		.word	22415
 1099 001a 0000      		.word	0
 1100 001c CE10      		.word	4302
 1101 001e 1229      		.word	10514
 1102 0020 0099      		.word	-26368
 1103 0022 0000      		.word	0
 1104 0024 4D00      		.word	77
 1105 0026 8040      		.word	16512
 1106 0028 4C18      		.word	6220
 1107 002a 0600      		.word	6
 1108 002c D796      		.word	-26921
 1109 002e 0028      		.word	10240
 1110 0030 550D      		.word	3413
 1111 0032 0000      		.word	0
 1112 0034 480D      		.word	3400
 1113 0036 0600      		.word	6
 1114 0038 505B      		.word	23376
 1115 003a 0930      		.word	12297
 1116 003c 4200      		.word	66
 1117 003e 80B0      		.word	-20352
 1118 0040 0180      		.word	-32767
 1119 0042 1442      		.word	16916
 1120 0044 40BC      		.word	-17344
 1121 0046 1828      		.word	10264
 1122 0048 40C7      		.word	-14528
 1123 004a 1336      		.word	13843
 1124 004c 423C      		.word	15426
 1125 004e 003E      		.word	15872
 1126 0050 03B8      		.word	-18429
 1127 0052 1400      		.word	20
 1128 0054 031B      		.word	6915
 1129 0056 1500      		.word	21
 1130 0058 C259      		.word	22978
 1131 005a D66F      		.word	28630
 1132 005c 2400      		.word	36
 1133 005e 0036      		.word	13824
 1134 0060 0398      		.word	-26621
 1135 0062 1228      		.word	10258
 1136 0064 D557      		.word	22485
 1137 0066 0000      		.word	0
 1138 0068 4D00      		.word	77
 1139 006a 0028      		.word	10240
 1140 006c 402B      		.word	11072
GAS LISTING C:\Users\Matthijs\AppData\Local\Temp/ccKpNHfe.s 			page 21


 1141 006e F336      		.word	14067
 1142 0070 2400      		.word	36
 1143 0072 4C80      		.word	-32692
 1144 0074 103E      		.word	15888
 1145 0076 1438      		.word	14356
 1146 0078 103E      		.word	15888
 1147 007a 0A78      		.word	30730
 1148 007c 133E      		.word	15891
 1149 007e 0DB8      		.word	-18419
 1150 0080 033E      		.word	15875
 1151 0082 05F8      		.word	-2043
 1152 0084 0600      		.word	6
 1153 0086 9555      		.word	21909
 1154 0088 0930      		.word	12297
 1155 008a 1514      		.word	5141
 1156 008c 1B00      		.word	27
 1157 008e D4FF      		.word	-44
 1158 0090 0300      		.word	3
 1159 0092 CEFF      		.word	-50
 1160 0094 0100      		.word	1
 1161 0096 0A00      		.word	10
 1162 0098 0024      		.word	9216
 1163 009a CE16      		.word	5838
 1164 009c 8AB5      		.word	-19062
 1165 009e 2400      		.word	36
 1166 00a0 92F2      		.word	-3438
 1167 00a2 0094      		.word	-27648
 1168 00a4 5261      		.word	24914
 1169 00a6 2400      		.word	36
 1170 00a8 02FE      		.word	-510
 1171 00aa 2400      		.word	36
 1172 00ac B248      		.word	18610
 1173 00ae 2400      		.word	36
 1174 00b0 4A45      		.word	17738
 1175 00b2 01B6      		.word	-18943
 1176 00b4 F336      		.word	14067
 1177 00b6 05D8      		.word	-10235
 1178 00b8 F336      		.word	14067
 1179 00ba 0D98      		.word	-26611
 1180 00bc F036      		.word	14064
 1181 00be 0A58      		.word	22538
 1182 00c0 0020      		.word	8192
 1183 00c2 0000      		.word	0
 1184 00c4 F036      		.word	14064
 1185 00c6 1418      		.word	6164
 1186 00c8 6180      		.word	-32671
 1187 00ca 1336      		.word	13843
 1188 00cc 2400      		.word	36
 1189 00ce 123E      		.word	15890
 1190 00d0 17B8      		.word	-18409
 1191 00d2 123E      		.word	15890
 1192 00d4 1538      		.word	14357
 1193 00d6 053E      		.word	15877
 1194 00d8 14B8      		.word	-18412
 1195 00da 2536      		.word	13861
 1196 00dc 2400      		.word	36
 1197 00de 0000      		.word	0
GAS LISTING C:\Users\Matthijs\AppData\Local\Temp/ccKpNHfe.s 			page 22


 1198 00e0 0A80      		.word	-32758
 1199 00e2 103E      		.word	15888
 1200 00e4 03B8      		.word	-18429
 1201 00e6 9441      		.word	16788
 1202 00e8 05B8      		.word	-18427
 1203 00ea 113E      		.word	15889
 1204 00ec 2400      		.word	36
 1205 00ee 113E      		.word	15889
 1206 00f0 07B8      		.word	-18425
 1207 00f2 143E      		.word	15892
 1208 00f4 1278      		.word	30738
 1209 00f6 143E      		.word	15892
 1210 00f8 0DF8      		.word	-2035
 1211 00fa 033E      		.word	15875
 1212 00fc 0EF8      		.word	-2034
 1213 00fe 0600      		.word	6
 1214 0100 5100      		.word	81
 1215 0102 0028      		.word	10240
 1216 0104 D524      		.word	9429
 1217 0106 0000      		.word	0
 1218 0108 2400      		.word	36
 1219 010a 88B8      		.word	-18296
 1220 010c 1200      		.word	18
 1221 010e 0464      		.word	25604
 1222 0110 0504      		.word	1029
 1223 0112 0000      		.word	0
 1224 0114 2400      		.word	36
 1225 0116 0028      		.word	10240
 1226 0118 5821      		.word	8536
 1227 011a 9440      		.word	16532
 1228 011c 2400      		.word	36
 1229 011e 0024      		.word	9216
 1230 0120 0221      		.word	8450
 1231 0122 0000      		.word	0
 1232 0124 2400      		.word	36
 1233 0126 9864      		.word	25752
 1234 0128 0308      		.word	2051
 1235 012a 56FE      		.word	-426
 1236 012c 2400      		.word	36
 1237 012e B648      		.word	18614
 1238 0130 2400      		.word	36
 1239 0132 D64D      		.word	19926
 1240 0134 2400      		.word	36
 1241 0136 103A      		.word	14864
 1242 0138 24C0      		.word	-16348
 1243 013a F032      		.word	13040
 1244 013c 24C0      		.word	-16348
 1245 013e 56FE      		.word	-426
 1246 0140 2400      		.word	36
 1247 0142 B648      		.word	18614
 1248 0144 2400      		.word	36
 1249 0146 D64D      		.word	19926
 1250 0148 2400      		.word	36
 1251 014a 8443      		.word	17284
 1252 014c 8344      		.word	17539
 1253 014e 9663      		.word	25494
 1254 0150 8C88      		.word	-30580
GAS LISTING C:\Users\Matthijs\AppData\Local\Temp/ccKpNHfe.s 			page 23


 1255 0152 00F4      		.word	-3072
 1256 0154 D540      		.word	16597
 1257 0156 003D      		.word	15616
 1258 0158 2480      		.word	-32732
 1259 015a 0600      		.word	6
 1260 015c 9100      		.word	145
 1261 015e 3F00      		.word	63
 1262 0160 C3FE      		.word	-317
 1263 0162 0600      		.word	6
 1264 0164 5300      		.word	83
 1265 0166 0131      		.word	12545
 1266 0168 2480      		.word	-32732
 1267 016a 60FE      		.word	-416
 1268 016c 2400      		.word	36
 1269 016e BE48      		.word	18622
 1270 0170 2400      		.word	36
 1271 0172 34A6      		.word	-22988
 1272 0174 030C      		.word	3075
 1273 0176 2443      		.word	17188
 1274 0178 2400      		.word	36
 1275 017a 8442      		.word	17028
 1276 017c 022C      		.word	11266
 1277 017e 0600      		.word	6
 1278 0180 1100      		.word	17
 1279 0182 0028      		.word	10240
 1280 0184 D824      		.word	9432
 1281 0186 0031      		.word	12544
 1282 0188 2480      		.word	-32732
 1283 018a 0600      		.word	6
 1284 018c 1150      		.word	20497
 1285 018e 0039      		.word	14592
 1286 0190 2480      		.word	-32732
 1287 0192 0600      		.word	6
 1288 0194 1100      		.word	17
 1289 0196 0031      		.word	12544
 1290 0198 4C98      		.word	-26548
 1291 019a 8442      		.word	17028
 1292 019c 4C90      		.word	-28596
 1293 019e 00F4      		.word	-3072
 1294 01a0 8840      		.word	16520
 1295 01a2 0028      		.word	10240
 1296 01a4 4528      		.word	10309
 1297 01a6 0000      		.word	0
 1298 01a8 2400      		.word	36
 1299 01aa F03C      		.word	15600
 1300 01ac 4038      		.word	14400
 1301 01ae 0930      		.word	12297
 1302 01b0 4138      		.word	14401
 1303 01b2 0930      		.word	12297
 1304 01b4 1038      		.word	14352
 1305 01b6 0020      		.word	8192
 1306 01b8 0000      		.word	0
 1307 01ba 0000      		.word	0
 1308 01bc 8827      		.word	10120
 1309 01be 0930      		.word	12297
 1310 01c0 D01B      		.word	7120
 1311 01c2 0028      		.word	10240
GAS LISTING C:\Users\Matthijs\AppData\Local\Temp/ccKpNHfe.s 			page 24


 1312 01c4 8028      		.word	10368
 1313 01c6 0930      		.word	12297
 1314 01c8 811B      		.word	7041
 1315 01ca F334      		.word	13555
 1316 01cc CC1B      		.word	7116
 1317 01ce F336      		.word	14067
 1318 01d0 0ED8      		.word	-10226
 1319 01d2 F436      		.word	14068
 1320 01d4 0DD8      		.word	-10227
 1321 01d6 F436      		.word	14068
 1322 01d8 1258      		.word	22546
 1323 01da F136      		.word	14065
 1324 01dc 0798      		.word	-26617
 1325 01de F136      		.word	14065
 1326 01e0 0518      		.word	6149
 1327 01e2 F036      		.word	14064
 1328 01e4 0398      		.word	-26621
 1329 01e6 0534      		.word	13317
 1330 01e8 1490      		.word	-28652
 1331 01ea F336      		.word	14067
 1332 01ec 2400      		.word	36
 1333 01ee F236      		.word	14066
 1334 01f0 1518      		.word	6165
 1335 01f2 0020      		.word	8192
 1336 01f4 0000      		.word	0
 1337 01f6 F236      		.word	14066
 1338 01f8 1798      		.word	-26601
 1339 01fa AD80      		.word	-32595
 1340 01fc 123E      		.word	15890
 1341 01fe 17B8      		.word	-18409
 1342 0200 123E      		.word	15890
 1343 0202 1538      		.word	14357
 1344 0204 053E      		.word	15877
 1345 0206 14B8      		.word	-18412
 1346 0208 1536      		.word	13845
 1347 020a 2400      		.word	36
 1348 020c 0000      		.word	0
 1349 020e 0A80      		.word	-32758
 1350 0210 103E      		.word	15888
 1351 0212 0278      		.word	30722
 1352 0214 103E      		.word	15888
 1353 0216 04F8      		.word	-2044
 1354 0218 113E      		.word	15889
 1355 021a 1078      		.word	30736
 1356 021c 143E      		.word	15892
 1357 021e 1278      		.word	30738
 1358 0220 1329      		.word	10515
 1359 0222 80C9      		.word	-13952
 1360 0224 143E      		.word	15892
 1361 0226 24C0      		.word	-16348
 1362 0228 1329      		.word	10515
 1363 022a 80C9      		.word	-13952
 1364 022c 8840      		.word	16520
 1365 022e 4C18      		.word	6220
 1366 0230 00F4      		.word	-3072
 1367 0232 0540      		.word	16389
 1368 0234 0000      		.word	0
GAS LISTING C:\Users\Matthijs\AppData\Local\Temp/ccKpNHfe.s 			page 25


 1369 0236 C018      		.word	6336
 1370 0238 0064      		.word	25600
 1371 023a 2400      		.word	36
 1372 023c 0000      		.word	0
 1373 023e C01B      		.word	7104
 1374 0240 0028      		.word	10240
 1375 0242 9530      		.word	12437
 1376 0244 3000      		.word	48
 1377 0246 1003      		.word	784
 1378 0248 0028      		.word	10240
 1379 024a 803F      		.word	16256
 1380 024c 0138      		.word	14337
 1381 024e 2440      		.word	16420
 1382 0250 0064      		.word	25600
 1383 0252 2400      		.word	36
 1384 0254 0000      		.word	0
 1385 0256 401A      		.word	6720
 1386 0258 0028      		.word	10240
 1387 025a 5537      		.word	14165
 1388 025c 0600      		.word	6
 1389 025e D055      		.word	21968
 1390 0260 0000      		.word	0
 1391 0262 037D      		.word	32003
 1392 0264 84B8      		.word	-18300
 1393 0266 4C18      		.word	6220
 1394 0268 0930      		.word	12297
 1395 026a 0538      		.word	14341
 1396 026c 0930      		.word	12297
 1397 026e 0000      		.word	0
 1398 0270 8AFF      		.word	-118
 1399 0272 2400      		.word	36
 1400 0274 1D29      		.word	10525
 1401 0276 007B      		.word	31488
 1402 0278 B248      		.word	18610
 1403 027a 2400      		.word	36
 1404 027c 0000      		.word	0
 1405 027e 4118      		.word	6209
 1406 0280 0600      		.word	6
 1407 0282 1050      		.word	20496
 1408 0284 8A40      		.word	16522
 1409 0286 44B8      		.word	-18364
 1410 0288 0029      		.word	10496
 1411 028a 0013      		.word	4864
 1412 028c 8840      		.word	16520
 1413 028e 2400      		.word	36
 1414 0290 0030      		.word	12288
 1415 0292 CC1B      		.word	7116
 1416 0294 1460      		.word	24596
 1417 0296 2400      		.word	36
 1418 0298 3000      		.word	48
 1419 029a 5103      		.word	849
 1420 029c 0028      		.word	10240
 1421 029e D536      		.word	14037
 1422 02a0 0000      		.word	0
 1423 02a2 2400      		.word	36
 1424 02a4 0600      		.word	6
 1425 02a6 1100      		.word	17
GAS LISTING C:\Users\Matthijs\AppData\Local\Temp/ccKpNHfe.s 			page 26


 1426 02a8 0031      		.word	12544
 1427 02aa 2400      		.word	36
 1428 02ac 3000      		.word	48
 1429 02ae 5103      		.word	849
 1430 02b0 0038      		.word	14336
 1431 02b2 2400      		.word	36
 1432 02b4 0028      		.word	10240
 1433 02b6 803F      		.word	16256
 1434 02b8 0139      		.word	14593
 1435 02ba 2440      		.word	16420
 1436 02bc 0064      		.word	25600
 1437 02be 2400      		.word	36
 1438 02c0 3000      		.word	48
 1439 02c2 D003      		.word	976
 1440 02c4 0028      		.word	10240
 1441 02c6 553F      		.word	16213
 1442 02c8 0000      		.word	0
 1443 02ca 037D      		.word	32003
 1444 02cc 0600      		.word	6
 1445 02ce D055      		.word	21968
 1446 02d0 84B8      		.word	-18300
 1447 02d2 4C18      		.word	6220
 1448 02d4 0930      		.word	12297
 1449 02d6 0538      		.word	14341
 1450 02d8 0930      		.word	12297
 1451 02da 0000      		.word	0
 1452 02dc 8AFF      		.word	-118
 1453 02de 2400      		.word	36
 1454 02e0 1D29      		.word	10525
 1455 02e2 007B      		.word	31488
 1456 02e4 B248      		.word	18610
 1457 02e6 2400      		.word	36
 1458 02e8 8A40      		.word	16522
 1459 02ea CC9B      		.word	-25652
 1460 02ec 0000      		.word	0
 1461 02ee 4118      		.word	6209
 1462 02f0 0028      		.word	10240
 1463 02f2 553B      		.word	15189
 1464 02f4 0600      		.word	6
 1465 02f6 1050      		.word	20496
 1466 02f8 9A68      		.word	26778
 1467 02fa 2400      		.word	36
 1468 02fc 0030      		.word	12288
 1469 02fe 2400      		.word	36
 1470 0300 1460      		.word	24596
 1471 0302 2400      		.word	36
 1472 0304 3000      		.word	48
 1473 0306 9203      		.word	914
 1474 0308 0028      		.word	10240
 1475 030a 853E      		.word	16005
 1476 030c 0600      		.word	6
 1477 030e 9100      		.word	145
 1478 0310 0600      		.word	6
 1479 0312 1100      		.word	17
 1480 0314 0000      		.word	0
 1481 0316 5218      		.word	6226
 1482 0318 0600      		.word	6
GAS LISTING C:\Users\Matthijs\AppData\Local\Temp/ccKpNHfe.s 			page 27


 1483 031a 5300      		.word	83
 1484 031c 80B8      		.word	-18304
 1485 031e 0024      		.word	9216
 1486 0320 0600      		.word	6
 1487 0322 9100      		.word	145
 1488 0324 0438      		.word	14340
 1489 0326 2480      		.word	-32732
 1490 0328 3000      		.word	48
 1491 032a 9203      		.word	914
 1492 032c 003B      		.word	15104
 1493 032e 2400      		.word	36
 1494 0330 0139      		.word	14593
 1495 0332 2440      		.word	16420
 1496 0334 0028      		.word	10240
 1497 0336 803F      		.word	16256
 1498 0338 013A      		.word	14849
 1499 033a 2440      		.word	16420
 1500 033c 0138      		.word	14337
 1501 033e 2440      		.word	16420
 1502 0340 80B8      		.word	-18304
 1503 0342 D31B      		.word	7123
 1504 0344 F436      		.word	14068
 1505 0346 1258      		.word	22546
 1506 0348 F136      		.word	14065
 1507 034a 1058      		.word	22544
 1508 034c F036      		.word	14064
 1509 034e 04D8      		.word	-10236
 1510 0350 F036      		.word	14064
 1511 0352 0258      		.word	22530
 1512 0354 0534      		.word	13317
 1513 0356 1490      		.word	-28652
 1514 0358 F336      		.word	14067
 1515 035a 2400      		.word	36
 1516 035c F236      		.word	14066
 1517 035e 1518      		.word	6165
 1518 0360 0020      		.word	8192
 1519 0362 0000      		.word	0
 1520 0364 F236      		.word	14066
 1521 0366 1798      		.word	-26601
 1522 0368 3000      		.word	48
 1523               		.type	end.2561, @object
 1524               		.size	end.2561, 4
 1525               	end.2561:
 1526 036a 0000 0000 		.skip 4,0
 1527               		.type	off.2560, @object
 1528               		.size	off.2560, 4
 1529               	off.2560:
 1530 036e 45        		.byte	69
 1531 036f 78        		.byte	120
 1532 0370 69        		.byte	105
 1533 0371 74        		.byte	116
 1534               		.type	end.2554, @object
 1535               		.size	end.2554, 4
 1536               	end.2554:
 1537 0372 0000 0000 		.skip 4,0
 1538               		.type	on.2553, @object
 1539               		.size	on.2553, 3
GAS LISTING C:\Users\Matthijs\AppData\Local\Temp/ccKpNHfe.s 			page 28


 1540               	on.2553:
 1541 0376 53        		.byte	83
 1542 0377 EF        		.byte	-17
 1543 0378 6E        		.byte	110
 1544               		.type	end.2529, @object
 1545               		.size	end.2529, 4
 1546               	end.2529:
 1547 0379 0000 0000 		.skip 4,0
 1548               		.type	off.2528, @object
 1549               		.size	off.2528, 4
 1550               	off.2528:
 1551 037d 45        		.byte	69
 1552 037e 78        		.byte	120
 1553 037f 69        		.byte	105
 1554 0380 74        		.byte	116
 1555               		.type	on.2527, @object
 1556               		.size	on.2527, 3
 1557               	on.2527:
 1558 0381 53        		.byte	83
 1559 0382 EF        		.byte	-17
 1560 0383 6E        		.byte	110
 1561               		.type	mtcmd.2487, @object
 1562               		.size	mtcmd.2487, 8
 1563               	mtcmd.2487:
 1564 0384 4D        		.byte	77
 1565 0385 EA        		.byte	-22
 1566 0386 6D        		.byte	109
 1567 0387 54        		.byte	84
 1568 0388 00        		.byte	0
 1569 0389 00        		.byte	0
 1570 038a 00        		.byte	0
 1571 038b 00        		.byte	0
 1572               		.lcomm vs_status,1
 1573               		.type	atab, @object
 1574               		.size	atab, 437
 1575               	atab:
 1576 038c 07        		.byte	7
 1577 038d 06        		.byte	6
 1578 038e 06        		.byte	6
 1579 038f 06        		.byte	6
 1580 0390 06        		.byte	6
 1581 0391 06        		.byte	6
 1582 0392 06        		.byte	6
 1583 0393 06        		.byte	6
 1584 0394 06        		.byte	6
 1585 0395 06        		.byte	6
 1586 0396 06        		.byte	6
 1587 0397 06        		.byte	6
 1588 0398 06        		.byte	6
 1589 0399 06        		.byte	6
 1590 039a 06        		.byte	6
 1591 039b 06        		.byte	6
 1592 039c 06        		.byte	6
 1593 039d 06        		.byte	6
 1594 039e 06        		.byte	6
 1595 039f 06        		.byte	6
 1596 03a0 06        		.byte	6
GAS LISTING C:\Users\Matthijs\AppData\Local\Temp/ccKpNHfe.s 			page 29


 1597 03a1 06        		.byte	6
 1598 03a2 06        		.byte	6
 1599 03a3 06        		.byte	6
 1600 03a4 06        		.byte	6
 1601 03a5 06        		.byte	6
 1602 03a6 06        		.byte	6
 1603 03a7 06        		.byte	6
 1604 03a8 06        		.byte	6
 1605 03a9 06        		.byte	6
 1606 03aa 06        		.byte	6
 1607 03ab 06        		.byte	6
 1608 03ac 06        		.byte	6
 1609 03ad 06        		.byte	6
 1610 03ae 06        		.byte	6
 1611 03af 06        		.byte	6
 1612 03b0 06        		.byte	6
 1613 03b1 06        		.byte	6
 1614 03b2 06        		.byte	6
 1615 03b3 06        		.byte	6
 1616 03b4 06        		.byte	6
 1617 03b5 06        		.byte	6
 1618 03b6 06        		.byte	6
 1619 03b7 06        		.byte	6
 1620 03b8 06        		.byte	6
 1621 03b9 06        		.byte	6
 1622 03ba 06        		.byte	6
 1623 03bb 06        		.byte	6
 1624 03bc 06        		.byte	6
 1625 03bd 06        		.byte	6
 1626 03be 06        		.byte	6
 1627 03bf 06        		.byte	6
 1628 03c0 06        		.byte	6
 1629 03c1 06        		.byte	6
 1630 03c2 06        		.byte	6
 1631 03c3 06        		.byte	6
 1632 03c4 06        		.byte	6
 1633 03c5 07        		.byte	7
 1634 03c6 06        		.byte	6
 1635 03c7 06        		.byte	6
 1636 03c8 06        		.byte	6
 1637 03c9 06        		.byte	6
 1638 03ca 06        		.byte	6
 1639 03cb 06        		.byte	6
 1640 03cc 06        		.byte	6
 1641 03cd 06        		.byte	6
 1642 03ce 06        		.byte	6
 1643 03cf 06        		.byte	6
 1644 03d0 06        		.byte	6
 1645 03d1 06        		.byte	6
 1646 03d2 06        		.byte	6
 1647 03d3 06        		.byte	6
 1648 03d4 06        		.byte	6
 1649 03d5 06        		.byte	6
 1650 03d6 06        		.byte	6
 1651 03d7 06        		.byte	6
 1652 03d8 06        		.byte	6
 1653 03d9 06        		.byte	6
GAS LISTING C:\Users\Matthijs\AppData\Local\Temp/ccKpNHfe.s 			page 30


 1654 03da 06        		.byte	6
 1655 03db 06        		.byte	6
 1656 03dc 06        		.byte	6
 1657 03dd 06        		.byte	6
 1658 03de 06        		.byte	6
 1659 03df 06        		.byte	6
 1660 03e0 06        		.byte	6
 1661 03e1 06        		.byte	6
 1662 03e2 06        		.byte	6
 1663 03e3 06        		.byte	6
 1664 03e4 06        		.byte	6
 1665 03e5 06        		.byte	6
 1666 03e6 06        		.byte	6
 1667 03e7 06        		.byte	6
 1668 03e8 06        		.byte	6
 1669 03e9 06        		.byte	6
 1670 03ea 06        		.byte	6
 1671 03eb 06        		.byte	6
 1672 03ec 06        		.byte	6
 1673 03ed 06        		.byte	6
 1674 03ee 06        		.byte	6
 1675 03ef 06        		.byte	6
 1676 03f0 07        		.byte	7
 1677 03f1 06        		.byte	6
 1678 03f2 06        		.byte	6
 1679 03f3 06        		.byte	6
 1680 03f4 06        		.byte	6
 1681 03f5 06        		.byte	6
 1682 03f6 06        		.byte	6
 1683 03f7 06        		.byte	6
 1684 03f8 06        		.byte	6
 1685 03f9 06        		.byte	6
 1686 03fa 06        		.byte	6
 1687 03fb 06        		.byte	6
 1688 03fc 06        		.byte	6
 1689 03fd 06        		.byte	6
 1690 03fe 06        		.byte	6
 1691 03ff 06        		.byte	6
 1692 0400 06        		.byte	6
 1693 0401 06        		.byte	6
 1694 0402 06        		.byte	6
 1695 0403 06        		.byte	6
 1696 0404 06        		.byte	6
 1697 0405 06        		.byte	6
 1698 0406 06        		.byte	6
 1699 0407 06        		.byte	6
 1700 0408 06        		.byte	6
 1701 0409 06        		.byte	6
 1702 040a 06        		.byte	6
 1703 040b 06        		.byte	6
 1704 040c 06        		.byte	6
 1705 040d 06        		.byte	6
 1706 040e 06        		.byte	6
 1707 040f 06        		.byte	6
 1708 0410 06        		.byte	6
 1709 0411 06        		.byte	6
 1710 0412 06        		.byte	6
GAS LISTING C:\Users\Matthijs\AppData\Local\Temp/ccKpNHfe.s 			page 31


 1711 0413 06        		.byte	6
 1712 0414 06        		.byte	6
 1713 0415 06        		.byte	6
 1714 0416 06        		.byte	6
 1715 0417 06        		.byte	6
 1716 0418 06        		.byte	6
 1717 0419 06        		.byte	6
 1718 041a 06        		.byte	6
 1719 041b 06        		.byte	6
 1720 041c 06        		.byte	6
 1721 041d 06        		.byte	6
 1722 041e 06        		.byte	6
 1723 041f 06        		.byte	6
 1724 0420 06        		.byte	6
 1725 0421 06        		.byte	6
 1726 0422 06        		.byte	6
 1727 0423 06        		.byte	6
 1728 0424 06        		.byte	6
 1729 0425 06        		.byte	6
 1730 0426 06        		.byte	6
 1731 0427 06        		.byte	6
 1732 0428 06        		.byte	6
 1733 0429 06        		.byte	6
 1734 042a 06        		.byte	6
 1735 042b 06        		.byte	6
 1736 042c 06        		.byte	6
 1737 042d 06        		.byte	6
 1738 042e 06        		.byte	6
 1739 042f 06        		.byte	6
 1740 0430 06        		.byte	6
 1741 0431 06        		.byte	6
 1742 0432 06        		.byte	6
 1743 0433 06        		.byte	6
 1744 0434 06        		.byte	6
 1745 0435 06        		.byte	6
 1746 0436 06        		.byte	6
 1747 0437 06        		.byte	6
 1748 0438 06        		.byte	6
 1749 0439 06        		.byte	6
 1750 043a 06        		.byte	6
 1751 043b 06        		.byte	6
 1752 043c 06        		.byte	6
 1753 043d 06        		.byte	6
 1754 043e 06        		.byte	6
 1755 043f 06        		.byte	6
 1756 0440 06        		.byte	6
 1757 0441 06        		.byte	6
 1758 0442 06        		.byte	6
 1759 0443 06        		.byte	6
 1760 0444 06        		.byte	6
 1761 0445 06        		.byte	6
 1762 0446 06        		.byte	6
 1763 0447 06        		.byte	6
 1764 0448 06        		.byte	6
 1765 0449 06        		.byte	6
 1766 044a 06        		.byte	6
 1767 044b 06        		.byte	6
GAS LISTING C:\Users\Matthijs\AppData\Local\Temp/ccKpNHfe.s 			page 32


 1768 044c 06        		.byte	6
 1769 044d 06        		.byte	6
 1770 044e 06        		.byte	6
 1771 044f 06        		.byte	6
 1772 0450 06        		.byte	6
 1773 0451 06        		.byte	6
 1774 0452 06        		.byte	6
 1775 0453 06        		.byte	6
 1776 0454 06        		.byte	6
 1777 0455 06        		.byte	6
 1778 0456 06        		.byte	6
 1779 0457 06        		.byte	6
 1780 0458 06        		.byte	6
 1781 0459 06        		.byte	6
 1782 045a 06        		.byte	6
 1783 045b 06        		.byte	6
 1784 045c 06        		.byte	6
 1785 045d 06        		.byte	6
 1786 045e 06        		.byte	6
 1787 045f 06        		.byte	6
 1788 0460 06        		.byte	6
 1789 0461 06        		.byte	6
 1790 0462 06        		.byte	6
 1791 0463 06        		.byte	6
 1792 0464 06        		.byte	6
 1793 0465 06        		.byte	6
 1794 0466 06        		.byte	6
 1795 0467 06        		.byte	6
 1796 0468 06        		.byte	6
 1797 0469 06        		.byte	6
 1798 046a 06        		.byte	6
 1799 046b 06        		.byte	6
 1800 046c 06        		.byte	6
 1801 046d 06        		.byte	6
 1802 046e 06        		.byte	6
 1803 046f 06        		.byte	6
 1804 0470 06        		.byte	6
 1805 0471 06        		.byte	6
 1806 0472 06        		.byte	6
 1807 0473 06        		.byte	6
 1808 0474 06        		.byte	6
 1809 0475 06        		.byte	6
 1810 0476 06        		.byte	6
 1811 0477 06        		.byte	6
 1812 0478 06        		.byte	6
 1813 0479 06        		.byte	6
 1814 047a 06        		.byte	6
 1815 047b 06        		.byte	6
 1816 047c 06        		.byte	6
 1817 047d 06        		.byte	6
 1818 047e 06        		.byte	6
 1819 047f 06        		.byte	6
 1820 0480 06        		.byte	6
 1821 0481 06        		.byte	6
 1822 0482 06        		.byte	6
 1823 0483 06        		.byte	6
 1824 0484 06        		.byte	6
GAS LISTING C:\Users\Matthijs\AppData\Local\Temp/ccKpNHfe.s 			page 33


 1825 0485 06        		.byte	6
 1826 0486 06        		.byte	6
 1827 0487 06        		.byte	6
 1828 0488 06        		.byte	6
 1829 0489 07        		.byte	7
 1830 048a 06        		.byte	6
 1831 048b 06        		.byte	6
 1832 048c 06        		.byte	6
 1833 048d 06        		.byte	6
 1834 048e 06        		.byte	6
 1835 048f 06        		.byte	6
 1836 0490 06        		.byte	6
 1837 0491 06        		.byte	6
 1838 0492 06        		.byte	6
 1839 0493 06        		.byte	6
 1840 0494 06        		.byte	6
 1841 0495 06        		.byte	6
 1842 0496 06        		.byte	6
 1843 0497 06        		.byte	6
 1844 0498 06        		.byte	6
 1845 0499 06        		.byte	6
 1846 049a 06        		.byte	6
 1847 049b 06        		.byte	6
 1848 049c 06        		.byte	6
 1849 049d 06        		.byte	6
 1850 049e 06        		.byte	6
 1851 049f 06        		.byte	6
 1852 04a0 06        		.byte	6
 1853 04a1 06        		.byte	6
 1854 04a2 06        		.byte	6
 1855 04a3 06        		.byte	6
 1856 04a4 06        		.byte	6
 1857 04a5 06        		.byte	6
 1858 04a6 06        		.byte	6
 1859 04a7 06        		.byte	6
 1860 04a8 06        		.byte	6
 1861 04a9 06        		.byte	6
 1862 04aa 06        		.byte	6
 1863 04ab 06        		.byte	6
 1864 04ac 06        		.byte	6
 1865 04ad 06        		.byte	6
 1866 04ae 06        		.byte	6
 1867 04af 06        		.byte	6
 1868 04b0 06        		.byte	6
 1869 04b1 06        		.byte	6
 1870 04b2 06        		.byte	6
 1871 04b3 06        		.byte	6
 1872 04b4 06        		.byte	6
 1873 04b5 06        		.byte	6
 1874 04b6 06        		.byte	6
 1875 04b7 06        		.byte	6
 1876 04b8 06        		.byte	6
 1877 04b9 06        		.byte	6
 1878 04ba 06        		.byte	6
 1879 04bb 06        		.byte	6
 1880 04bc 06        		.byte	6
 1881 04bd 06        		.byte	6
GAS LISTING C:\Users\Matthijs\AppData\Local\Temp/ccKpNHfe.s 			page 34


 1882 04be 06        		.byte	6
 1883 04bf 06        		.byte	6
 1884 04c0 06        		.byte	6
 1885 04c1 06        		.byte	6
 1886 04c2 06        		.byte	6
 1887 04c3 06        		.byte	6
 1888 04c4 06        		.byte	6
 1889 04c5 06        		.byte	6
 1890 04c6 06        		.byte	6
 1891 04c7 06        		.byte	6
 1892 04c8 06        		.byte	6
 1893 04c9 06        		.byte	6
 1894 04ca 06        		.byte	6
 1895 04cb 06        		.byte	6
 1896 04cc 06        		.byte	6
 1897 04cd 06        		.byte	6
 1898 04ce 06        		.byte	6
 1899 04cf 06        		.byte	6
 1900 04d0 06        		.byte	6
 1901 04d1 06        		.byte	6
 1902 04d2 06        		.byte	6
 1903 04d3 06        		.byte	6
 1904 04d4 06        		.byte	6
 1905 04d5 06        		.byte	6
 1906 04d6 06        		.byte	6
 1907 04d7 06        		.byte	6
 1908 04d8 06        		.byte	6
 1909 04d9 06        		.byte	6
 1910 04da 06        		.byte	6
 1911 04db 06        		.byte	6
 1912 04dc 06        		.byte	6
 1913 04dd 06        		.byte	6
 1914 04de 06        		.byte	6
 1915 04df 06        		.byte	6
 1916 04e0 06        		.byte	6
 1917 04e1 06        		.byte	6
 1918 04e2 06        		.byte	6
 1919 04e3 06        		.byte	6
 1920 04e4 06        		.byte	6
 1921 04e5 06        		.byte	6
 1922 04e6 06        		.byte	6
 1923 04e7 06        		.byte	6
 1924 04e8 06        		.byte	6
 1925 04e9 06        		.byte	6
 1926 04ea 06        		.byte	6
 1927 04eb 06        		.byte	6
 1928 04ec 06        		.byte	6
 1929 04ed 06        		.byte	6
 1930 04ee 06        		.byte	6
 1931 04ef 06        		.byte	6
 1932 04f0 06        		.byte	6
 1933 04f1 06        		.byte	6
 1934 04f2 06        		.byte	6
 1935 04f3 06        		.byte	6
 1936 04f4 06        		.byte	6
 1937 04f5 06        		.byte	6
 1938 04f6 06        		.byte	6
GAS LISTING C:\Users\Matthijs\AppData\Local\Temp/ccKpNHfe.s 			page 35


 1939 04f7 06        		.byte	6
 1940 04f8 06        		.byte	6
 1941 04f9 06        		.byte	6
 1942 04fa 06        		.byte	6
 1943 04fb 06        		.byte	6
 1944 04fc 06        		.byte	6
 1945 04fd 06        		.byte	6
 1946 04fe 06        		.byte	6
 1947 04ff 06        		.byte	6
 1948 0500 06        		.byte	6
 1949 0501 06        		.byte	6
 1950 0502 06        		.byte	6
 1951 0503 06        		.byte	6
 1952 0504 06        		.byte	6
 1953 0505 06        		.byte	6
 1954 0506 06        		.byte	6
 1955 0507 06        		.byte	6
 1956 0508 06        		.byte	6
 1957 0509 06        		.byte	6
 1958 050a 06        		.byte	6
 1959 050b 06        		.byte	6
 1960 050c 06        		.byte	6
 1961 050d 06        		.byte	6
 1962 050e 06        		.byte	6
 1963 050f 06        		.byte	6
 1964 0510 06        		.byte	6
 1965 0511 06        		.byte	6
 1966 0512 06        		.byte	6
 1967 0513 06        		.byte	6
 1968 0514 06        		.byte	6
 1969 0515 06        		.byte	6
 1970 0516 06        		.byte	6
 1971 0517 06        		.byte	6
 1972 0518 06        		.byte	6
 1973 0519 06        		.byte	6
 1974 051a 06        		.byte	6
 1975 051b 06        		.byte	6
 1976 051c 06        		.byte	6
 1977 051d 06        		.byte	6
 1978 051e 06        		.byte	6
 1979 051f 06        		.byte	6
 1980 0520 06        		.byte	6
 1981 0521 06        		.byte	6
 1982 0522 06        		.byte	6
 1983 0523 06        		.byte	6
 1984 0524 06        		.byte	6
 1985 0525 06        		.byte	6
 1986 0526 06        		.byte	6
 1987 0527 06        		.byte	6
 1988 0528 06        		.byte	6
 1989 0529 06        		.byte	6
 1990 052a 06        		.byte	6
 1991 052b 06        		.byte	6
 1992 052c 06        		.byte	6
 1993 052d 06        		.byte	6
 1994 052e 06        		.byte	6
 1995 052f 06        		.byte	6
GAS LISTING C:\Users\Matthijs\AppData\Local\Temp/ccKpNHfe.s 			page 36


 1996 0530 06        		.byte	6
 1997 0531 06        		.byte	6
 1998 0532 06        		.byte	6
 1999 0533 06        		.byte	6
 2000 0534 06        		.byte	6
 2001 0535 06        		.byte	6
 2002 0536 06        		.byte	6
 2003 0537 06        		.byte	6
 2004 0538 06        		.byte	6
 2005 0539 06        		.byte	6
 2006 053a 06        		.byte	6
 2007 053b 06        		.byte	6
 2008 053c 06        		.byte	6
 2009 053d 06        		.byte	6
 2010 053e 06        		.byte	6
 2011 053f 06        		.byte	6
 2012 0540 06        		.byte	6
 2013               		.lcomm g_vs_type,2
 2014               	/* File "source/vs10xx.c": code  949 = 0x03b5 ( 759), prologues  86, epilogues 104 */
GAS LISTING C:\Users\Matthijs\AppData\Local\Temp/ccKpNHfe.s 			page 37


DEFINED SYMBOLS
                            *ABS*:00000000 vs10xx.c
C:\Users\Matthijs\AppData\Local\Temp/ccKpNHfe.s:3      *ABS*:0000003f __SREG__
C:\Users\Matthijs\AppData\Local\Temp/ccKpNHfe.s:4      *ABS*:0000003e __SP_H__
C:\Users\Matthijs\AppData\Local\Temp/ccKpNHfe.s:5      *ABS*:0000003d __SP_L__
C:\Users\Matthijs\AppData\Local\Temp/ccKpNHfe.s:6      *ABS*:00000000 __tmp_reg__
C:\Users\Matthijs\AppData\Local\Temp/ccKpNHfe.s:7      *ABS*:00000001 __zero_reg__
C:\Users\Matthijs\AppData\Local\Temp/ccKpNHfe.s:13     .text:00000000 VsPlayerInterrupts
C:\Users\Matthijs\AppData\Local\Temp/ccKpNHfe.s:51     .text:0000002a VsPlayerStop
                             .bss:00000000 vs_status
C:\Users\Matthijs\AppData\Local\Temp/ccKpNHfe.s:73     .text:0000004a VsGetStatus
C:\Users\Matthijs\AppData\Local\Temp/ccKpNHfe.s:85     .text:00000052 VsGetType
C:\Users\Matthijs\AppData\Local\Temp/ccKpNHfe.s:1572   .bss:00000001 g_vs_type
C:\Users\Matthijs\AppData\Local\Temp/ccKpNHfe.s:97     .text:0000005c VsGetTypeHex
C:\Users\Matthijs\AppData\Local\Temp/ccKpNHfe.s:108    .text:00000066 VsSdiWrite_P
C:\Users\Matthijs\AppData\Local\Temp/ccKpNHfe.s:148    .text:000000a0 VsBeepStop
C:\Users\Matthijs\AppData\Local\Temp/ccKpNHfe.s:1529   .progmem.data:0000036e off.2560
C:\Users\Matthijs\AppData\Local\Temp/ccKpNHfe.s:1525   .progmem.data:0000036a end.2561
C:\Users\Matthijs\AppData\Local\Temp/ccKpNHfe.s:176    .text:000000d0 VsSdiWrite
C:\Users\Matthijs\AppData\Local\Temp/ccKpNHfe.s:212    .text:00000108 VsRegWrite
C:\Users\Matthijs\AppData\Local\Temp/ccKpNHfe.s:253    .text:0000015a VsSetVolume
C:\Users\Matthijs\AppData\Local\Temp/ccKpNHfe.s:291    .text:0000019a VsPlayerSetMode
C:\Users\Matthijs\AppData\Local\Temp/ccKpNHfe.s:319    .text:000001c6 VsBeepStartRaw
C:\Users\Matthijs\AppData\Local\Temp/ccKpNHfe.s:1540   .progmem.data:00000376 on.2553
C:\Users\Matthijs\AppData\Local\Temp/ccKpNHfe.s:1536   .progmem.data:00000372 end.2554
C:\Users\Matthijs\AppData\Local\Temp/ccKpNHfe.s:375    .text:00000230 VsBeepStart
C:\Users\Matthijs\AppData\Local\Temp/ccKpNHfe.s:399    .text:00000250 VsBeep
C:\Users\Matthijs\AppData\Local\Temp/ccKpNHfe.s:1557   .progmem.data:00000381 on.2527
C:\Users\Matthijs\AppData\Local\Temp/ccKpNHfe.s:1546   .progmem.data:00000379 end.2529
C:\Users\Matthijs\AppData\Local\Temp/ccKpNHfe.s:1550   .progmem.data:0000037d off.2528
C:\Users\Matthijs\AppData\Local\Temp/ccKpNHfe.s:485    .text:000002fc SoundB
C:\Users\Matthijs\AppData\Local\Temp/ccKpNHfe.s:506    .text:00000318 SoundA
C:\Users\Matthijs\AppData\Local\Temp/ccKpNHfe.s:535    .text:0000034a VsRegRead
C:\Users\Matthijs\AppData\Local\Temp/ccKpNHfe.s:583    .text:000003aa VsGetVolume
C:\Users\Matthijs\AppData\Local\Temp/ccKpNHfe.s:608    .text:000003d0 VsRegInfo
C:\Users\Matthijs\AppData\Local\Temp/ccKpNHfe.s:634    .text:000003f8 VsStreamValid
C:\Users\Matthijs\AppData\Local\Temp/ccKpNHfe.s:713    .text:0000047c VsPlayerReset
C:\Users\Matthijs\AppData\Local\Temp/ccKpNHfe.s:740    .text:000004a8 VsPlayerInit
C:\Users\Matthijs\AppData\Local\Temp/ccKpNHfe.s:822    .text:00000558 VsPlayerFeed
C:\Users\Matthijs\AppData\Local\Temp/ccKpNHfe.s:949    .text:00000642 VsPlayerKick
C:\Users\Matthijs\AppData\Local\Temp/ccKpNHfe.s:1085   .progmem.data:00000000 dtab
C:\Users\Matthijs\AppData\Local\Temp/ccKpNHfe.s:1575   .progmem.data:0000038c atab
C:\Users\Matthijs\AppData\Local\Temp/ccKpNHfe.s:1034   .text:000006cc VsMemoryTest
C:\Users\Matthijs\AppData\Local\Temp/ccKpNHfe.s:1563   .progmem.data:00000384 mtcmd.2487

UNDEFINED SYMBOLS
__do_copy_data
__do_clear_bss
SPIselect
SPIputByte
SPIdeselect
SPIgetmode
SPImode
NutSleep
SPIgetByte
NutDelay
sig_INTERRUPT6
GAS LISTING C:\Users\Matthijs\AppData\Local\Temp/ccKpNHfe.s 			page 38


NutRegisterIrqHandler
NutIrqSetMode
NutSegBufReadCommit
NutSegBufReadRequest
NutSegBufReadLast
__divmodhi4
WatchDogRestart
